<?xml version="1.0" encoding="UTF-8"?>
<robot generator="Robot 6.0.2 (Python 3.11.1 on win32)" generated="20230616 17:18:43.243" rpa="true" schemaversion="3">
<suite id="s1" name="test AI" source="c:\Users\renaud.gallego\Documents\repos\Formation RF\FormationRFcomplet\RF2\test AI.robot">
<test id="s1-t1" name="Afficher le contenu du deuxième objet" line="52">
<kw name="Set Variable" library="BuiltIn">
<var>${value-to-search}</var>
<arg>tétrapode reptilien</arg>
<doc>Returns the given values which can then be assigned to a variables.</doc>
<msg timestamp="20230616 17:18:43.519" level="INFO">${value-to-search} = tétrapode reptilien</msg>
<status status="PASS" starttime="20230616 17:18:43.519" endtime="20230616 17:18:43.522"/>
</kw>
<kw name="Create List" library="BuiltIn">
<var>${liste_objets}</var>
<arg>{'role': 'user', 'content': 'Que signifie tortue ?'}</arg>
<arg>{'role': 'assistant', 'content': 'Une tortue est un animal tétrapode reptilien caractérisé par sa carapace qui protège son corps.'}</arg>
<arg>{'role': 'user', 'content': 'Quelle est se durée de vie moyenne ?'}</arg>
<arg>{'role': 'assistant', 'content': "La durée de vie moyenne des tortues dépend de leur espèce et de leur environnement. Certaines tortues terrestres peuvent vivre jusqu'à 100 ans, tandis que d'autres, comme les tortues marines, ont une durée de vie plus courte. En général, la durée de vie moyenne des tortues varie de 30 à 80 ans."}</arg>
<doc>Returns a list containing given items.</doc>
<msg timestamp="20230616 17:18:43.523" level="INFO">${liste_objets} = ["{'role': 'user', 'content': 'Que signifie tortue ?'}", "{'role': 'assistant', 'content': 'Une tortue est un animal tétrapode reptilien caractérisé par sa carapace qui protège son corps.'}", "{'role'...</msg>
<status status="PASS" starttime="20230616 17:18:43.523" endtime="20230616 17:18:43.524"/>
</kw>
<kw name="Set Variable" library="BuiltIn">
<var>${objet}</var>
<arg>${liste_objets}[1]</arg>
<doc>Returns the given values which can then be assigned to a variables.</doc>
<msg timestamp="20230616 17:18:43.524" level="INFO">${objet} = {'role': 'assistant', 'content': 'Une tortue est un animal tétrapode reptilien caractérisé par sa carapace qui protège son corps.'}</msg>
<status status="PASS" starttime="20230616 17:18:43.524" endtime="20230616 17:18:43.525"/>
</kw>
<kw name="Evaluate" library="BuiltIn">
<var>${content}</var>
<arg>${objet}\['content'\]</arg>
<doc>Evaluates the given expression in Python and returns the result.</doc>
<msg timestamp="20230616 17:18:43.525" level="INFO">${content} = Une tortue est un animal tétrapode reptilien caractérisé par sa carapace qui protège son corps.</msg>
<status status="PASS" starttime="20230616 17:18:43.525" endtime="20230616 17:18:43.526"/>
</kw>
<kw name="Run Keyword And Return Status" library="BuiltIn">
<var>${bcontent_contains_value}</var>
<arg>Should Contain</arg>
<arg>${content}</arg>
<arg>${value-to-search}</arg>
<doc>Runs the given keyword with given arguments and returns the status as a Boolean value.</doc>
<kw name="Should Contain" library="BuiltIn">
<arg>${content}</arg>
<arg>${value-to-search}</arg>
<doc>Fails if ``container`` does not contain ``item`` one or more times.</doc>
<status status="PASS" starttime="20230616 17:18:43.526" endtime="20230616 17:18:43.528"/>
</kw>
<msg timestamp="20230616 17:18:43.528" level="INFO">${bcontent_contains_value} = True</msg>
<status status="PASS" starttime="20230616 17:18:43.526" endtime="20230616 17:18:43.528"/>
</kw>
<if>
<branch type="IF" condition="${bcontent_contains_value}">
<kw name="Nouvelle question">
<var>${result}</var>
<arg>Renvoie-moi une liste de ${value-to-search}</arg>
<kw name="Authorize To Openai" library="RPA.OpenAI">
<arg>${api_key}</arg>
<doc>Keyword for authorize to OpenAI with your API key obtained from your account.</doc>
<status status="PASS" starttime="20230616 17:18:43.530" endtime="20230616 17:18:43.530"/>
</kw>
<kw name="Chat Completion Create" library="RPA.OpenAI">
<var>${response}</var>
<var>@{chatgpt_conversation}</var>
<arg>user_content=${question}</arg>
<doc>Keyword for creating ChatGPT text completions using OpenAI or Azure OpenAI.
Keyword returns the response as a string and the message history as a list.</doc>
<msg timestamp="20230616 17:18:54.536" level="INFO">{
  "id": "chatcmpl-7S5VjLWnEX4WiEXGt3B8GZiLPcy3z",
  "object": "chat.completion",
  "created": 1686928723,
  "model": "gpt-3.5-turbo-0301",
  "usage": {
    "prompt_tokens": 23,
    "completion_tokens": 95,
    "total_tokens": 118
  },
  "choices": [
    {
      "message": {
        "role": "assistant",
        "content": "Voici une liste de t\u00e9trapode reptilien :\n\n1. Les crocodiles\n2. Les tortues\n3. Les l\u00e9zards\n4. Les serpents\n5. Les tuataras (reptile end\u00e9mique de Nouvelle-Z\u00e9lande)\n6. Les iguanes\n7. Les geckos\n8. Les cam\u00e9l\u00e9ons\n9. Les agames\n10. Les dragons de Komodo."
      },
      "finish_reason": "stop",
      "index": 0
    }
  ]
}</msg>
<msg timestamp="20230616 17:18:54.537" level="INFO">['Voici une liste de tétrapode reptilien :\n\n1. Les crocodiles\n2. Les tortues\n3. Les lézards\n4. Les serpents\n5. Les tuataras (reptile endémique de Nouvelle-Zélande)\n6. Les iguanes\n7. Les geckos\n8. Les caméléons\n9. Les agames\n10. Les dragons de Komodo.', [{'role': 'user', 'content': 'Renvoie-moi une liste de tétrapode reptilien'}, {'role': 'assistant', 'content': 'Voici une liste de tétrapode reptilien :\n\n1. Les crocodiles\n2. Les tortues\n3. Les lézards\n4. Les serpents\n5. Les tuataras (reptile endémique de Nouvelle-Zélande)\n6. Les iguanes\n7. Les geckos\n8. Les caméléons\n9. Les agames\n10. Les dragons de Komodo.'}]]</msg>
<msg timestamp="20230616 17:18:54.537" level="INFO">${response} = Voici une liste de tétrapode reptilien :

1. Les crocodiles
2. Les tortues
3. Les lézards
4. Les serpents
5. Les tuataras (reptile endémique de Nouvelle-Zélande)
6. Les iguanes
7. Les geckos
8. Les ca...</msg>
<msg timestamp="20230616 17:18:54.538" level="INFO">@{chatgpt_conversation} = [ [{'role': 'user', 'content': 'Renvoie-moi une liste de tétrapode reptilien'}, {'role': 'assistant', 'content': 'Voici une liste de tétrapode reptilien :\n\n1. Les crocodiles\n2. Les tortues\n3. Les ...</msg>
<status status="PASS" starttime="20230616 17:18:43.530" endtime="20230616 17:18:54.538"/>
</kw>
<msg timestamp="20230616 17:18:54.538" level="INFO">${result} = Voici une liste de tétrapode reptilien :

1. Les crocodiles
2. Les tortues
3. Les lézards
4. Les serpents
5. Les tuataras (reptile endémique de Nouvelle-Zélande)
6. Les iguanes
7. Les geckos
8. Les ca...</msg>
<status status="PASS" starttime="20230616 17:18:43.529" endtime="20230616 17:18:54.538"/>
</kw>
<status status="PASS" starttime="20230616 17:18:43.529" endtime="20230616 17:18:54.538"/>
</branch>
<status status="PASS" starttime="20230616 17:18:43.529" endtime="20230616 17:18:54.538"/>
</if>
<kw name="Log" library="BuiltIn">
<arg>${result}</arg>
<doc>Logs the given message with the given level.</doc>
<msg timestamp="20230616 17:18:54.540" level="INFO">Voici une liste de tétrapode reptilien :

1. Les crocodiles
2. Les tortues
3. Les lézards
4. Les serpents
5. Les tuataras (reptile endémique de Nouvelle-Zélande)
6. Les iguanes
7. Les geckos
8. Les caméléons
9. Les agames
10. Les dragons de Komodo.</msg>
<status status="PASS" starttime="20230616 17:18:54.539" endtime="20230616 17:18:54.540"/>
</kw>
<status status="PASS" starttime="20230616 17:18:43.518" endtime="20230616 17:18:54.540"/>
</test>
<status status="PASS" starttime="20230616 17:18:43.247" endtime="20230616 17:18:54.541"/>
</suite>
<statistics>
<total>
<stat pass="1" fail="0" skip="0">All Tasks</stat>
</total>
<tag>
</tag>
<suite>
<stat pass="1" fail="0" skip="0" id="s1" name="test AI">test AI</stat>
</suite>
</statistics>
<errors>
</errors>
</robot>
