<?xml version="1.0" encoding="UTF-8"?>
<robot generator="Robot 6.0.2 (Python 3.11.3 on win32)" generated="20230614 15:10:07.838" rpa="false" schemaversion="3">
<suite id="s1" name="Demo Json" source="c:\Users\Formation\Repos\RF4\demo json.robot">
<test id="s1-t1" name="Valider valeur du JSOn" line="6">
<kw name="Load Json From File" library="JSONLibrary">
<var>${json_obj}</var>
<arg>C:\\Users\\Formation\\Repos\\RF4\\data.json</arg>
<doc>Load JSON from file.</doc>
<msg timestamp="20230614 15:10:07.990" level="INFO">${json_obj} = {'name': 'United States of America', 'topLevelDomain': ['.us'], 'alpha2Code': 'US', 'alpha3Code': 'USA', 'callingCodes': ['1'], 'capital': 'Washington, D.C.', 'altSpellings': ['US', 'USA', 'United Sta...</msg>
<status status="PASS" starttime="20230614 15:10:07.989" endtime="20230614 15:10:07.992"/>
</kw>
<kw name="Log" library="BuiltIn">
<arg>${json_obj}</arg>
<doc>Logs the given message with the given level.</doc>
<msg timestamp="20230614 15:10:07.993" level="INFO">{'name': 'United States of America', 'topLevelDomain': ['.us'], 'alpha2Code': 'US', 'alpha3Code': 'USA', 'callingCodes': ['1'], 'capital': 'Washington, D.C.', 'altSpellings': ['US', 'USA', 'United States of America'], 'region': 'Americas', 'subregion': 'Northern America', 'population': 323947000, 'latlng': [38, -97], 'demonym': 'American', 'area': 9629091, 'gini': 48, 'timezones': ['UTC-12:00', 'UTC-11:00', 'UTC-10:00', 'UTC-09:00', 'UTC-08:00', 'UTC-07:00', 'UTC-06:00', 'UTC-05:00', 'UTC-04:00', 'UTC+10:00', 'UTC+12:00'], 'borders': ['CAN', 'MEX'], 'nativeName': 'United States', 'numericCode': '840', 'currencies': [{'code': 'USD', 'name': 'United States dollar', 'symbol': '$'}], 'languages': [{'iso639_1': 'en', 'iso639_2': 'eng', 'name': 'English', 'nativeName': 'English'}], 'translations': {'br': 'Estados Unidos', 'de': 'Vereinigte Staaten von Amerika', 'es': 'Estados Unidos', 'fa': 'ایالات متحده آمریکا', 'fr': 'États-Unis', 'hr': 'Sjedinjene AmeričkeDržave', 'it': "Stati Uniti D' America", 'ja': 'アメリカ合衆国', 'nl': 'Verenigde Staten', 'pt': 'Estados Unidos'}, 'flag': 'https://api.countrylayer.com/v2/', 'regionalBlocs': [{'acronym': 'NAFTA', 'name': 'North American Free Trade Agreement', 'otherNames': ['Tratado de Libre Comercio de América del Norte', 'Accord de Libre-échange Nord-Américain']}], 'cioc': 'USA'}</msg>
<status status="PASS" starttime="20230614 15:10:07.993" endtime="20230614 15:10:07.994"/>
</kw>
<kw name="Get Value From Json" library="JSONLibrary">
<var>${json_timezones}</var>
<arg>${json_obj}</arg>
<arg>$.timezones</arg>
<doc>Get Value From JSON using JSONPath</doc>
<msg timestamp="20230614 15:10:08.019" level="INFO">${json_timezones} = [['UTC-12:00', 'UTC-11:00', 'UTC-10:00', 'UTC-09:00', 'UTC-08:00', 'UTC-07:00', 'UTC-06:00', 'UTC-05:00', 'UTC-04:00', 'UTC+10:00', 'UTC+12:00']]</msg>
<status status="PASS" starttime="20230614 15:10:07.994" endtime="20230614 15:10:08.019"/>
</kw>
<kw name="Log" library="BuiltIn">
<arg>${json_timezones}</arg>
<doc>Logs the given message with the given level.</doc>
<msg timestamp="20230614 15:10:08.020" level="INFO">[['UTC-12:00', 'UTC-11:00', 'UTC-10:00', 'UTC-09:00', 'UTC-08:00', 'UTC-07:00', 'UTC-06:00', 'UTC-05:00', 'UTC-04:00', 'UTC+10:00', 'UTC+12:00']]</msg>
<status status="PASS" starttime="20230614 15:10:08.020" endtime="20230614 15:10:08.021"/>
</kw>
<kw name="Get Value From Json" library="JSONLibrary">
<var>${json_currencies}</var>
<arg>${json_obj}</arg>
<arg>$.currencies</arg>
<doc>Get Value From JSON using JSONPath</doc>
<msg timestamp="20230614 15:10:08.040" level="INFO">${json_currencies} = [[{'code': 'USD', 'name': 'United States dollar', 'symbol': '$'}]]</msg>
<status status="PASS" starttime="20230614 15:10:08.022" endtime="20230614 15:10:08.041"/>
</kw>
<kw name="Log" library="BuiltIn">
<arg>${json_currencies}</arg>
<doc>Logs the given message with the given level.</doc>
<msg timestamp="20230614 15:10:08.042" level="INFO">[[{'code': 'USD', 'name': 'United States dollar', 'symbol': '$'}]]</msg>
<status status="PASS" starttime="20230614 15:10:08.041" endtime="20230614 15:10:08.042"/>
</kw>
<status status="PASS" starttime="20230614 15:10:07.988" endtime="20230614 15:10:08.043"/>
</test>
<status status="PASS" starttime="20230614 15:10:07.845" endtime="20230614 15:10:08.045"/>
</suite>
<statistics>
<total>
<stat pass="1" fail="0" skip="0">All Tests</stat>
</total>
<tag>
</tag>
<suite>
<stat pass="1" fail="0" skip="0" id="s1" name="Demo Json">Demo Json</stat>
</suite>
</statistics>
<errors>
</errors>
</robot>
